1 61 61 1453 58 64 526 68 60 1453 97 20 526 95 4 1 90 10 
3 89 2 1289 83 4 1289 41 19 3 51 20 
4 64 71 1248 73 75 1248 82 77 4 86 82 
5 62 15 1108 62 11 1108 56 13 5 56 9 
6 77 37 1366 74 40 1366 25 60 6 22 63 
7 78 11 1055 80 1 391 72 0 391 0 13 1055 4 37 7 2 35 
11 50 4 1125 46 8 1125 13 34 11 26 35 
13 84 12 1274 85 17 1274 77 23 13 73 16 
14 52 80 1095 43 86 817 56 94 817 87 2 1095 97 2 14 96 11 
15 62 50 1219 62 50 1219 43 94 15 51 97 
16 45 42 1226 45 42 1226 36 28 16 30 45 
18 44 80 1339 44 65 1339 41 51 18 43 50 
19 43 63 1063 42 67 1063 35 25 19 52 25 
20 22 26 1010 19 39 1010 8 64 20 12 61 
22 18 94 1388 19 87 1388 72 29 22 77 42 
24 39 68 1104 48 60 1104 8 45 24 15 50 
27 75 96 1277 63 96 1277 4 61 27 6 68 
28 19 85 1279 16 80 1279 81 37 28 82 47 
29 78 24 1292 82 4 905 77 27 905 11 95 1292 3 91 29 4 96 
30 96 80 1373 91 89 1373 80 72 30 79 67 
36 35 54 1087 29 53 1087 75 11 36 75 13 
40 13 74 1195 21 83 1195 95 87 40 99 89 
41 69 1 1193 67 16 1193 83 76 41 82 80 
42 6 49 1058 7 47 1058 87 69 42 81 76 
43 21 40 1492 17 49 1492 32 25 43 26 20 
45 1 52 1407 6 66 1407 53 4 45 59 10 
46 53 60 1375 55 58 1375 76 52 46 78 49 
48 9 18 1203 5 17 1203 41 33 48 29 27 
54 37 33 1436 29 50 1436 83 62 54 90 62 
55 2 9 1301 6 2 1301 6 35 55 5 34 
58 33 7 1305 13 9 1305 4 73 58 3 68 
59 16 95 1424 8 97 1424 96 53 59 72 53 
62 43 50 1396 25 57 1396 10 62 62 9 73 
63 88 36 1143 95 35 1143 42 0 63 14 1 
65 76 34 1342 74 36 1342 69 14 65 66 4 
66 58 96 1458 65 92 1458 73 14 66 67 14 
69 13 94 1085 17 93 1085 23 66 69 33 68 
70 52 94 1445 52 93 1445 84 87 70 96 84 
71 87 74 1419 94 85 1419 6 68 71 7 71 
72 93 1 1232 93 2 1232 5 39 72 13 45 
74 83 69 1235 84 65 1235 61 56 74 61 56 
81 74 64 1249 88 61 1249 10 88 81 8 83 
82 74 5 1490 75 14 1490 6 38 82 16 25 
83 16 41 1112 18 26 1112 26 53 83 25 58 
85 37 9 1298 40 19 1298 96 63 85 98 54 
87 36 74 1332 37 85 1332 54 70 87 61 63 
88 81 51 1278 90 54 1278 82 7 88 89 5 
90 44 73 1399 40 60 1399 27 91 90 22 89 
91 13 19 1361 23 19 1361 86 72 91 88 72 
93 54 92 1423 55 86 1423 75 63 93 75 45 
95 59 45 52 58 38 52 52 79 95 65 82 
97 60 92 1269 65 90 1269 62 51 97 59 46 
99 92 19 1072 97 12 1072 61 63 99 71 55 
102 64 50 1306 64 52 1306 28 66 102 17 62 
103 11 43 1381 8 45 1381 47 79 103 52 85 
106 70 61 35 74 65 35 2 98 106 0 86 
107 17 71 1343 14 72 1343 53 92 107 32 92 
115 85 79 1166 83 88 1166 58 17 115 53 16 
116 59 24 1106 58 11 1106 14 90 116 13 87 
117 34 41 76 33 44 76 98 51 117 92 51 
119 34 59 1440 34 56 1440 19 62 119 22 54 
120 68 38 1185 62 42 1185 73 64 120 66 63 
121 72 11 114 79 8 114 78 2 121 88 10 
122 92 11 1140 92 9 1140 51 48 122 64 49 
124 43 65 1472 39 55 1472 3 21 124 12 16 
125 20 39 1326 24 42 1326 10 80 125 27 85 
126 51 4 1016 41 4 1016 85 34 126 83 26 
127 6 43 1181 3 37 1181 69 72 127 71 69 
128 21 83 1404 18 75 1404 43 52 128 55 52 
129 97 31 1341 94 34 1341 57 56 129 62 45 
134 99 82 1333 95 87 1333 64 13 134 51 18 
136 96 97 1299 94 96 1299 49 9 136 63 1 
137 98 67 1159 85 68 1159 92 69 137 87 71 
139 13 72 1387 20 77 1387 35 60 139 29 53 
140 51 41 1478 45 45 1478 27 4 140 31 0 
142 88 3 1325 89 14 1325 64 47 142 64 28 
145 12 91 1022 5 83 1022 94 97 145 90 98 
148 64 64 1389 60 53 1389 28 72 148 27 66 
152 15 31 1189 29 30 1189 4 12 152 3 21 
153 6 52 1486 18 47 1486 73 32 153 81 31 
154 63 71 56 61 76 56 80 22 154 83 32 
155 54 18 10 52 13 10 16 22 155 21 29 
156 69 11 1483 71 13 1483 17 88 156 7 80 
158 9 73 1434 12 75 1434 65 41 158 57 47 
160 92 16 1350 95 18 1350 76 22 160 73 28 
162 66 5 1040 60 4 1040 2 60 162 1 52 
164 18 68 1178 14 79 1178 12 50 164 16 56 
165 84 56 1175 83 47 1175 71 87 165 71 81 
168 31 33 1029 29 35 1029 17 80 168 22 85 
170 4 79 1242 10 78 1242 74 39 170 72 27 
171 31 37 1009 22 39 1009 14 23 171 17 24 
173 40 56 1224 43 61 1224 37 35 173 31 30 
176 28 71 1038 31 66 1038 37 31 176 41 39 
177 39 43 1265 55 45 1265 17 17 177 12 15 
180 31 24 1133 39 22 1133 36 8 180 39 1 
181 66 67 1076 64 66 1076 67 75 181 72 79 
184 47 65 1114 61 71 1114 76 67 184 74 68 
185 3 10 1354 9 3 1354 7 75 185 7 81 
186 63 28 1097 53 28 1097 78 66 186 78 75 
187 5 67 928 3 59 1155 10 47 928 60 93 1155 83 86 187 78 83 
189 58 85 53 52 89 53 7 39 189 3 29 
191 17 74 1337 1 79 1337 99 39 191 93 38 
192 27 38 1463 29 49 1463 10 32 192 8 29 
193 4 48 1207 5 43 1207 45 74 193 60 56 
195 21 98 1262 21 87 1262 17 3 195 17 16 
196 74 97 1079 79 98 1079 57 78 196 54 89 
199 89 94 1411 90 92 1411 79 42 199 72 41 
201 80 82 1431 77 89 1431 38 87 201 38 92 
202 68 62 1315 71 46 409 91 64 409 89 82 1315 95 84 202 99 91 
204 8 67 1078 3 73 1078 80 48 204 80 48 
205 59 47 1300 57 43 1300 57 29 205 55 33 
206 72 53 1322 66 46 1322 2 5 206 4 1 
207 1 12 1074 2 3 1074 73 98 207 65 92 
208 37 33 1382 41 42 1382 79 97 208 65 90 
211 11 56 1119 18 63 1119 50 96 211 49 98 
212 76 3 1042 74 16 1042 80 70 212 76 73 
213 36 9 1395 33 12 1395 59 92 213 54 98 
215 73 31 1321 72 42 1321 7 71 215 7 65 
216 86 53 194 85 53 194 45 25 216 45 19 
217 22 56 1047 18 62 1047 30 82 217 38 92 
218 39 53 1303 34 52 1303 23 60 218 24 51 
219 19 98 1385 20 98 1385 17 81 219 35 86 
220 47 57 60 35 52 60 56 79 220 53 82 
223 18 72 1284 22 66 1284 57 70 223 56 74 
224 47 81 1206 52 81 1206 44 52 224 42 45 
227 65 70 1316 69 69 1316 72 60 227 73 57 
228 49 93 1089 44 91 1089 47 73 228 53 75 
230 61 28 1294 63 21 1294 40 4 230 43 6 
232 77 46 1117 90 43 1117 91 48 232 89 49 
233 48 83 1222 56 84 1222 29 93 233 25 90 
234 10 67 1231 5 66 1231 45 8 234 44 22 
235 68 64 1250 51 68 1250 46 20 235 54 16 
237 16 48 1377 26 56 1377 79 57 237 76 45 
240 5 51 222 20 50 222 4 14 240 9 19 
243 57 81 1302 58 84 1302 76 72 243 90 88 
245 92 94 98 97 97 398 64 98 98 24 29 398 4 29 245 14 30 
246 93 67 1002 87 63 1002 15 0 246 14 4 
247 78 63 80 88 85 80 65 47 247 64 47 
248 89 87 1296 96 83 1296 93 13 248 89 17 
250 56 35 1216 54 34 1216 48 11 250 40 0 
254 50 24 34 60 27 34 80 46 254 74 41 
255 10 63 1230 12 61 1230 4 57 255 8 38 
256 41 41 1037 37 40 1037 70 13 256 75 20 
257 57 42 1064 60 42 1064 33 26 257 33 45 
258 77 16 179 73 10 271 78 27 271 90 42 179 94 47 258 95 45 
260 0 16 1145 2 1 499 0 20 499 60 71 1145 73 81 260 71 82 
263 79 48 166 80 49 166 18 70 263 16 68 
264 8 21 51 15 14 51 84 30 264 87 24 
265 12 67 1054 12 62 1054 70 8 265 73 4 
266 47 35 1380 48 40 1380 67 34 266 72 35 
267 68 78 1110 56 73 1110 37 93 267 38 98 
268 26 44 1202 22 32 1202 75 25 268 75 16 
269 64 50 1215 66 44 1215 43 79 269 40 76 
273 42 38 1044 45 40 1044 42 3 273 44 3 
274 76 22 1024 95 25 767 84 18 767 63 12 1024 46 0 274 48 6 
275 78 93 1102 77 73 1102 3 28 275 0 35 
276 93 23 1328 69 23 1328 0 45 276 6 47 
277 78 4 1236 61 3 1236 75 16 277 73 12 
278 56 19 1107 79 17 1107 19 49 278 19 49 
279 62 12 172 63 13 172 63 8 279 61 4 
280 44 80 57 45 80 57 58 40 280 60 43 
281 80 85 1489 81 79 1489 40 68 281 37 71 
282 52 13 1221 50 14 1221 85 65 282 67 62 
284 20 60 94 23 50 94 54 3 284 41 0 
286 11 3 132 21 6 132 21 69 286 32 71 
290 98 70 197 99 81 197 26 15 290 38 15 
291 27 21 1345 25 28 1345 73 60 291 56 58 
292 80 71 742 78 66 1450 72 59 742 56 59 1450 56 73 292 57 72 
293 53 83 1391 58 89 1391 95 23 293 95 16 
294 8 36 1349 10 49 1349 2 36 294 4 37 
297 99 38 1392 98 45 1392 93 69 297 94 68 
299 22 13 1370 25 14 1370 28 68 299 33 61 
300 80 30 1482 79 38 1482 73 29 300 66 31 
301 4 72 149 7 68 149 62 80 301 59 71 
303 21 73 1153 18 79 1153 73 86 303 72 90 
305 98 89 270 95 88 270 0 29 305 8 14 
307 92 10 1006 75 10 1006 3 29 307 2 33 
308 26 82 1327 26 77 1327 81 27 308 80 44 
310 76 27 96 61 29 96 3 89 310 0 84 
311 38 54 1138 33 56 1138 83 89 311 71 84 
312 11 65 1351 13 59 1351 68 34 312 82 34 
313 30 55 1276 32 51 1276 64 69 313 75 65 
314 28 9 1118 35 6 1118 52 65 314 53 59 
317 11 1 1015 7 0 997 17 13 997 23 44 1015 23 59 317 29 50 
319 46 43 1268 41 42 302 45 52 302 69 72 1268 79 83 319 83 77 
321 9 28 1365 9 32 1365 90 47 321 94 39 
322 6 20 664 3 22 174 20 15 664 43 16 174 74 16 322 72 20 
324 45 18 1240 43 24 1240 48 2 324 45 10 
327 54 12 1471 53 14 1471 59 54 327 60 62 
328 40 20 1186 50 23 1186 12 75 328 6 72 
330 52 85 1428 52 88 1428 16 24 330 7 21 
331 40 7 1068 46 8 1068 77 59 331 70 71 
332 85 11 262 66 10 262 53 95 332 61 98 
333 19 90 1347 2 91 1347 58 21 333 50 21 
334 55 34 1099 47 39 1099 55 86 334 58 86 
336 81 86 1238 82 91 1238 59 70 336 48 69 
340 64 25 1403 61 28 1403 0 97 340 1 98 
341 32 11 163 43 12 163 61 20 341 60 19 
342 20 11 1156 6 4 1156 93 13 342 99 16 
343 14 72 1131 20 72 1131 52 19 343 57 18 
344 59 27 1017 54 23 866 39 21 866 2 18 1017 5 3 344 8 14 
345 36 37 1061 40 35 1061 55 69 345 53 71 
346 17 15 113 11 10 113 97 72 346 97 49 
348 29 73 1480 23 67 1480 71 9 348 66 2 
349 56 95 1264 63 95 1264 5 84 349 5 97 
351 62 68 318 60 84 318 0 9 351 14 0 
352 84 61 1256 96 59 1256 34 56 352 34 50 
353 85 44 1200 81 44 1200 96 66 353 73 69 
357 51 2 1187 47 0 1187 43 74 357 30 75 
358 0 71 50 3 79 50 4 41 358 0 46 
359 7 79 1494 1 73 1494 32 2 359 37 1 
360 11 64 1188 27 59 1188 98 14 360 94 15 
361 35 80 236 31 66 236 95 92 361 92 91 
362 41 76 75 40 74 75 75 12 362 78 10 
365 17 90 1259 32 90 1259 22 84 365 25 82 
366 49 8 1372 44 1 1372 18 91 366 23 82 
367 83 36 1136 76 40 1136 69 42 367 66 39 
369 47 32 1455 46 31 1455 37 67 369 38 59 
370 29 44 1312 35 47 1312 50 4 370 48 0 
371 9 72 1379 3 76 1379 3 66 371 5 58 
372 67 3 1151 63 5 1151 29 19 372 31 9 
373 64 30 1070 65 24 1070 92 90 373 97 97 
374 78 74 335 70 76 335 0 73 374 2 65 
375 98 49 1451 97 53 1451 88 55 375 85 49 
376 48 61 21 51 43 21 29 69 376 23 67 
378 42 66 1320 50 67 1320 82 76 378 90 74 
380 97 78 135 97 94 135 44 96 380 45 95 
381 99 63 105 69 65 105 99 52 381 99 46 
382 7 73 1158 9 74 1158 72 61 382 75 59 
383 94 88 1479 89 85 1479 87 85 383 86 70 
384 75 64 1049 76 66 1049 65 7 384 70 5 
385 90 8 8 99 17 8 93 74 385 91 92 
386 28 96 1051 27 76 1051 25 2 386 24 6 
387 37 94 1065 30 75 1065 31 0 387 30 7 
388 62 8 1026 86 0 1026 22 71 388 20 73 
390 77 13 1437 67 14 1437 42 3 390 42 7 
392 87 54 1176 84 54 1176 90 96 392 78 97 
395 30 78 309 17 82 309 64 62 395 65 60 
396 78 48 1084 87 52 1084 56 27 396 55 27 
397 8 26 1470 15 27 1470 82 64 397 71 73 
399 48 90 1177 44 95 887 43 80 887 74 49 1177 74 33 399 74 42 
400 39 88 118 31 82 118 15 21 400 20 27 
401 88 11 1062 84 13 1062 32 73 401 42 79 
403 58 80 1293 42 80 1293 33 75 403 34 79 
404 75 54 1228 72 35 1228 14 82 404 13 86 
406 1 70 323 2 74 323 64 53 406 39 58 
413 55 83 567 56 83 1213 48 88 567 48 5 1213 68 6 413 65 8 
414 8 32 130 14 18 130 2 16 414 0 11 
415 12 53 1183 16 40 1183 86 29 415 87 27 
417 14 22 1498 20 25 1498 2 28 417 1 35 
418 40 36 1142 39 42 1142 34 33 418 32 37 
419 87 27 101 92 32 101 9 91 419 8 85 
420 92 6 1499 94 7 1499 12 63 420 14 46 
421 23 91 1198 20 91 1198 97 52 421 96 34 
422 91 49 1338 95 42 1338 42 79 422 53 81 
423 39 12 31 37 1 31 24 46 423 9 45 
424 19 30 1034 5 31 1034 89 44 424 91 43 
425 7 69 1019 21 64 1019 41 75 425 38 80 
427 16 60 1046 10 57 1046 76 6 427 75 2 
428 60 53 1283 71 50 1283 83 89 428 76 92 
430 79 87 1210 72 88 1210 66 80 430 49 77 
432 59 20 1162 49 20 1162 84 12 432 83 22 
433 8 87 1194 11 86 1194 27 73 433 45 77 
434 48 44 1397 49 45 1397 95 81 434 87 69 
437 80 54 1474 81 43 1474 32 23 437 26 25 
438 79 35 1167 84 35 1167 94 53 438 93 44 
439 24 17 429 22 27 429 29 26 439 28 34 
440 62 42 1090 65 53 869 65 39 869 83 39 1090 85 12 440 82 12 
441 90 72 272 91 69 272 74 8 441 59 7 
444 5 20 1304 1 3 1304 22 96 444 20 84 
447 45 84 1309 43 78 1309 28 98 447 27 85 
448 29 91 295 32 86 295 89 97 448 90 97 
449 46 16 1438 47 15 1438 70 69 449 76 80 
451 66 72 1225 62 89 1225 93 49 451 93 48 
453 18 77 68 14 87 602 24 68 68 99 11 602 92 0 453 85 5 
455 63 1 1485 50 4 1485 83 49 455 82 52 
456 74 89 1059 81 90 1059 90 70 456 69 63 
458 65 17 1426 60 20 1426 58 61 458 66 57 
459 93 77 445 98 73 64 92 74 445 63 63 64 45 54 459 40 65 
460 91 59 225 91 59 225 45 78 460 42 89 
461 79 26 1039 74 23 1039 73 90 461 76 97 
462 73 69 1160 77 70 1160 85 20 462 86 18 
463 91 22 1324 88 16 1324 21 73 463 16 72 
465 62 74 394 58 85 394 31 77 465 30 61 
466 58 74 1371 52 74 1371 28 96 466 36 97 
468 63 78 1161 62 81 1161 44 69 468 47 79 
469 80 52 1368 80 49 1368 93 39 469 81 37 
470 70 65 203 69 80 203 23 11 470 22 13 
471 84 79 253 90 84 253 58 75 471 62 75 
472 48 13 1005 36 16 1005 50 60 472 49 60 
474 77 89 1344 75 82 1344 1 38 474 3 42 
475 48 74 1223 25 77 1223 25 68 475 16 68 
479 2 17 23 3 16 23 96 56 479 97 54 
480 18 66 1335 21 82 1335 52 95 480 55 94 
481 37 13 1071 37 26 1071 33 56 481 32 73 
482 66 73 239 72 69 239 84 15 482 90 13 
483 46 97 1405 45 96 1405 70 26 483 63 38 
484 20 6 287 18 14 287 28 14 484 31 24 
485 65 41 159 59 31 159 21 64 485 13 62 
486 25 94 1442 30 88 1442 31 79 486 26 76 
487 81 92 1334 83 99 1334 69 49 487 67 41 
490 25 34 1432 6 32 1432 66 60 490 55 63 
491 30 23 1116 44 27 1116 48 33 491 57 34 
492 45 22 1121 65 18 1121 68 81 492 65 75 
494 60 90 104 61 90 104 46 97 494 66 98 
495 34 97 1111 25 92 995 42 87 995 81 22 1111 74 20 495 72 9 
496 50 50 1402 43 50 1402 39 44 496 56 44 
498 45 30 1013 41 30 1013 93 6 498 88 12 
500 38 79 1171 36 80 565 29 56 565 23 31 1171 22 8 500 23 29 
501 12 72 1346 7 69 1346 14 73 501 6 71 
502 43 96 33 40 89 33 86 54 502 95 45 
503 74 22 1481 63 18 1481 1 65 503 9 71 
504 60 73 1462 60 74 1462 56 13 504 58 15 
505 53 76 355 65 75 355 50 34 505 63 34 
506 46 44 1083 50 35 1083 6 65 506 1 59 
508 95 47 402 98 51 402 65 38 508 75 36 
509 86 1 1086 94 5 1086 97 18 509 90 7 
510 37 73 1146 41 70 1146 56 51 510 56 47 
511 49 72 1330 45 56 1330 91 54 511 98 52 
512 42 85 1025 53 79 1025 84 77 512 98 77 
513 30 89 1310 49 87 1310 2 79 513 6 79 
514 60 49 1452 65 53 1452 69 36 514 76 28 
515 54 21 1137 50 23 1137 40 93 515 43 87 
516 52 0 457 55 1 895 57 3 895 95 68 457 95 83 516 91 78 
517 92 23 1218 99 23 764 91 12 764 66 99 1218 27 99 517 36 99 
518 53 33 144 42 39 144 48 73 518 49 58 
519 54 18 1466 63 24 1466 34 99 519 34 92 
520 66 8 1291 66 3 1291 19 92 520 2 94 
521 57 18 61 46 20 61 90 38 521 95 36 
523 57 46 1449 50 59 1449 92 36 523 92 25 
524 68 2 435 57 5 435 26 64 524 24 56 
525 30 60 1255 28 59 1255 27 73 525 16 74 
527 97 82 1363 98 76 1363 32 78 527 46 80 
528 81 78 241 93 68 241 5 1 528 6 3 
529 62 97 1280 65 99 1280 73 69 529 73 43 
530 79 92 1069 70 90 1069 31 90 530 21 90 
531 59 41 1066 50 41 1066 5 40 531 8 42 
534 51 6 507 41 11 507 15 73 534 25 82 
535 67 48 12 74 53 12 52 53 535 59 50 
536 23 23 1282 27 20 1282 77 81 536 67 87 
537 55 21 1473 54 21 1473 86 45 537 90 48 
538 23 99 1199 11 98 1199 15 29 538 14 14 
539 61 57 411 91 71 411 68 99 539 68 99 
540 6 36 1011 4 37 1011 6 34 540 9 36 
541 68 90 1139 66 88 1139 80 88 541 79 99 
542 15 56 1398 16 55 1398 45 94 542 57 82 
544 77 93 79 77 95 902 76 85 79 15 18 902 20 2 544 18 10 
545 90 4 1028 81 4 1028 65 12 545 64 15 
546 11 89 320 8 89 320 67 44 546 87 39 
547 69 63 364 65 57 364 8 22 547 7 18 
548 26 67 1491 23 59 1491 90 61 548 91 61 
549 74 94 1271 87 91 1271 59 9 549 52 9 
550 59 87 1243 69 90 1243 32 26 550 41 28 
552 46 46 446 39 54 446 75 26 552 75 6 
553 78 11 1033 78 7 1033 26 16 553 26 31 
554 17 69 1163 23 67 1163 71 42 554 61 52 
555 29 50 1196 43 51 1196 4 96 555 6 89 
557 63 14 1275 64 7 1275 46 20 557 48 14 
558 60 11 1383 58 4 1383 31 92 558 42 92 
559 58 24 1331 70 19 1331 30 76 559 28 75 
560 24 8 1413 6 1 1413 6 62 560 1 66 
562 47 47 1469 46 48 1469 59 14 562 56 14 
563 3 28 100 3 40 100 4 9 563 9 7 
564 95 0 1144 99 7 1144 65 43 564 74 40 
566 85 39 1358 86 21 704 80 31 704 28 67 1358 20 64 566 19 67 
569 92 58 283 92 62 283 20 22 569 14 12 
570 35 36 1261 34 46 1261 37 65 570 29 59 
571 95 36 1135 99 38 1135 87 4 571 90 5 
572 40 74 49 44 75 49 58 58 572 60 46 
573 85 58 410 99 63 410 95 18 573 99 1 
574 5 31 337 14 31 337 15 28 574 16 26 
575 30 94 92 31 92 92 0 80 575 2 71 
576 68 56 221 81 62 221 31 61 576 24 60 
577 84 10 1441 82 0 1441 35 15 577 52 17 
578 35 70 1031 33 74 1031 13 47 578 23 50 
580 38 70 1101 31 74 1101 29 13 580 19 12 
581 7 24 1053 4 12 1053 89 98 581 78 95 
583 55 14 1408 50 11 1408 51 15 583 58 13 
584 77 37 244 78 29 244 2 3 584 4 3 
585 69 97 1205 67 97 1205 55 72 585 57 56 
586 37 39 1308 40 29 1308 64 39 586 71 35 
587 67 0 1067 65 1 1067 80 9 587 70 1 
589 79 65 1043 81 65 1043 28 52 589 32 51 
591 28 5 296 25 6 296 38 98 591 34 98 
592 48 96 1460 58 96 1460 75 60 592 75 65 
593 77 76 1105 72 80 1105 71 5 593 71 14 
595 70 69 1021 70 73 1021 52 19 595 46 19 
597 36 97 147 29 95 147 69 88 597 79 91 
598 11 0 1007 10 6 1007 61 9 598 57 24 
599 89 10 1191 89 12 1191 40 12 599 42 7 
603 41 42 1149 42 38 1149 83 73 603 97 68 
604 23 39 1035 22 38 1035 90 88 604 94 91 
606 4 61 1288 1 80 1288 94 94 606 95 96 
607 31 90 1220 17 89 1220 87 63 607 86 58 
608 77 47 1201 81 45 1201 12 26 608 14 22 
611 21 34 600 18 11 600 49 3 611 48 12 
613 53 53 25 60 58 25 51 56 613 51 46 
615 21 94 1027 14 97 1027 42 21 615 37 17 
616 70 68 543 60 79 543 65 28 616 68 28 
617 78 90 1307 76 92 1307 72 63 617 70 84 
619 43 1 1353 43 25 1353 42 25 619 40 26 
620 25 30 1001 21 35 1001 4 89 620 4 76 
622 33 99 1286 41 99 1286 69 76 622 51 77 
623 84 5 1263 84 8 1263 29 54 623 25 43 
624 87 88 1414 93 86 1414 19 77 624 17 80 
625 59 85 141 58 81 141 56 12 625 55 20 
626 32 7 77 32 7 77 65 12 626 66 4 
628 47 52 1244 60 51 1244 60 27 628 53 22 
629 20 0 1192 17 3 1192 15 28 629 25 23 
630 45 71 1266 36 65 1266 71 49 630 74 48 
631 78 97 47 80 98 47 37 67 631 41 54 
633 68 31 1141 69 24 1141 68 59 633 72 50 
634 99 89 1273 99 88 865 73 93 1273 25 97 865 1 97 634 8 97 
635 87 74 464 89 60 464 75 35 635 91 32 
636 57 97 1045 55 97 1045 75 74 636 84 68 
637 65 25 1247 66 32 1247 89 68 637 93 60 
638 85 93 1374 86 89 1374 5 38 638 10 43 
639 8 90 1018 19 92 1018 81 6 639 77 6 
640 22 89 1081 27 86 1081 23 19 640 24 21 
641 38 23 67 39 23 67 92 46 641 81 31 
642 4 55 1173 5 46 285 20 54 1173 58 76 285 67 82 642 51 81 
644 52 54 1154 59 56 1154 79 89 644 70 90 
645 74 92 1241 69 92 1241 94 13 645 95 3 
647 9 37 1092 5 37 1092 21 91 647 35 92 
648 56 96 477 68 95 477 31 7 648 33 6 
649 25 87 1477 25 98 1477 85 49 649 82 48 
650 53 31 1311 53 30 1311 92 53 650 88 54 
651 56 66 436 55 66 436 32 59 651 31 61 
653 24 95 1030 23 97 1030 54 19 653 52 28 
655 62 3 478 67 3 478 31 32 655 25 37 
656 84 96 1468 86 87 1468 65 98 656 59 98 
657 82 87 1420 86 97 601 81 89 601 33 56 1420 17 55 657 12 59 
658 79 37 1409 80 40 1409 57 70 658 52 79 
660 99 57 288 98 29 288 5 75 660 4 71 
662 0 60 1429 3 54 1429 20 14 662 21 11 
663 67 82 242 63 86 242 61 15 663 52 12 
666 7 53 1406 6 59 1406 71 61 666 75 69 
667 58 12 1004 52 14 1004 48 32 667 57 34 
668 45 64 1212 45 70 1212 96 26 668 74 26 
669 75 35 1454 76 28 522 88 37 522 81 64 1454 86 81 669 79 86 
670 54 80 1418 46 87 1418 67 82 670 56 84 
671 30 37 1421 33 31 1421 95 16 671 97 32 
672 90 62 1120 94 59 1120 72 66 672 66 54 
673 69 28 108 73 16 108 42 24 673 49 27 
674 5 56 78 6 65 78 5 27 674 4 27 
675 31 26 1329 24 20 1329 1 88 675 4 74 
676 50 40 178 47 40 755 41 37 178 40 95 755 23 96 676 25 96 
677 3 86 1444 2 87 792 9 78 792 20 25 1444 57 29 677 40 28 
678 84 96 1052 88 98 594 94 97 594 90 31 1052 58 22 678 77 17 
679 50 67 1295 50 67 1295 45 65 679 47 62 
681 36 32 133 34 14 133 4 36 681 6 27 
682 79 53 1150 77 85 1150 92 66 682 90 68 
683 65 41 805 71 46 2 69 37 805 39 35 2 19 37 683 40 37 
684 68 40 1257 58 43 1257 71 27 684 78 28 
685 0 54 368 4 46 368 93 43 685 90 43 
686 86 23 621 76 24 621 46 11 686 51 20 
687 67 95 1359 70 88 1359 3 56 687 7 63 
688 36 16 1012 35 20 1012 21 61 688 6 53 
689 31 64 1287 18 60 1287 11 71 689 6 68 
690 76 23 146 74 35 146 80 56 690 84 54 
691 46 20 1217 53 9 1217 81 19 691 84 19 
692 85 79 452 83 79 452 94 4 692 66 1 
694 47 24 1446 50 24 1446 38 65 694 31 61 
696 27 97 1124 36 91 1124 36 20 696 37 17 
697 41 76 231 31 68 231 7 89 697 17 83 
698 76 51 1362 83 40 1362 58 94 698 56 92 
700 64 71 1169 59 74 1169 48 26 700 52 24 
701 72 57 1447 84 57 1447 56 95 701 56 96 
702 20 1 1227 26 0 1227 79 29 702 79 40 
703 51 9 1197 47 13 1197 88 7 703 78 10 
705 27 45 1128 23 51 1128 18 67 705 6 74 
706 69 74 1457 69 71 1457 41 5 706 42 7 
707 62 31 1122 71 25 1122 2 19 707 1 23 
709 34 3 37 38 13 37 46 18 709 48 21 
710 16 20 17 19 23 17 46 79 710 55 98 
711 97 47 363 97 38 363 19 42 711 12 32 
712 87 42 412 79 38 412 12 67 712 19 67 
713 87 77 1172 88 84 1172 88 4 713 91 4 
714 13 47 1179 11 35 1179 22 3 714 27 10 
716 15 75 1168 15 64 1168 12 5 716 25 5 
717 60 4 377 57 12 377 37 44 717 49 44 
719 9 93 1239 8 83 1239 9 76 719 3 84 
720 40 50 1435 32 57 1435 18 5 720 8 5 
721 23 51 1103 16 42 1103 42 35 721 41 27 
722 64 58 1439 61 63 1439 94 79 722 83 78 
723 48 65 1088 39 61 1088 91 6 723 78 6 
724 75 92 251 61 96 251 51 56 724 55 54 
725 46 52 1164 44 46 1164 62 66 725 61 74 
726 59 82 1285 74 78 1285 97 74 726 88 80 
727 87 87 354 92 84 354 5 14 727 20 24 
728 21 64 1467 6 57 1467 6 62 728 10 52 
729 35 1 347 42 2 347 20 15 729 3 11 
732 24 32 1182 36 33 1182 28 13 732 32 18 
733 95 23 659 96 52 659 54 31 733 54 22 
734 35 79 708 38 87 1430 20 76 1430 20 63 708 5 62 734 5 66 
735 68 19 1048 61 19 1048 98 50 735 96 38 
736 47 32 1073 46 49 1073 11 17 736 14 13 
738 30 65 1080 27 71 1080 55 74 738 64 81 
739 31 10 1496 33 8 1496 40 79 739 33 84 
740 5 35 1497 3 24 1497 94 2 740 86 7 
741 77 42 1352 79 34 1352 65 66 741 60 58 
743 23 13 654 27 11 654 35 64 743 35 53 
744 92 20 1246 88 6 1246 39 60 744 29 61 
745 27 95 661 36 94 861 21 77 661 8 47 861 2 43 745 0 38 
746 56 75 1123 51 80 1123 35 63 746 33 56 
747 20 99 1367 34 97 1367 43 31 747 45 25 
748 25 41 652 34 27 652 51 91 748 39 90 
749 75 61 338 74 64 338 24 95 749 20 76 
750 62 21 1253 66 31 1253 73 85 750 72 87 
751 66 75 1209 66 75 1209 57 64 751 49 47 
752 13 36 1484 9 51 1484 76 93 752 76 95 
753 89 75 1008 91 82 1008 27 57 753 34 60 
754 10 98 812 10 96 9 12 90 812 37 88 9 60 82 754 60 78 
756 68 46 44 67 56 44 14 94 756 22 88 
757 79 14 588 84 16 588 78 94 757 71 99 
758 41 64 1204 43 59 1204 41 77 758 46 68 
760 1 50 1493 4 58 1493 42 17 760 25 20 
761 27 74 718 30 76 718 3 14 761 5 27 
762 28 85 646 30 85 1260 28 73 646 41 52 1260 74 49 762 76 51 
763 46 37 1475 52 36 1475 87 93 763 88 80 
765 82 41 316 83 36 316 49 50 765 39 49 
766 96 62 983 91 70 473 87 66 983 21 44 473 11 51 766 13 52 
768 83 35 1317 80 37 497 63 35 497 57 96 1317 51 99 768 45 99 
769 78 67 590 96 61 590 38 96 769 40 85 
770 41 0 393 33 2 393 53 12 770 51 26 
772 25 8 214 17 11 214 42 40 772 36 40 
773 50 68 1386 65 68 1386 14 44 773 15 47 
774 8 52 238 9 55 238 94 15 774 96 31 
775 8 64 1127 8 63 1127 59 51 775 52 40 
777 17 37 1384 25 35 1384 48 35 777 46 30 
778 53 81 249 50 74 249 77 99 778 56 94 
779 63 15 200 62 13 200 90 42 779 82 54 
780 61 95 161 52 95 161 28 36 780 14 30 
781 27 20 551 26 16 551 50 21 781 55 20 
782 72 86 488 73 76 488 46 53 782 30 56 
783 43 72 1488 40 84 1488 29 51 783 23 48 
784 18 96 730 22 95 730 77 45 784 59 52 
785 27 48 1281 34 51 1281 85 62 785 84 57 
787 91 64 1267 92 62 1267 59 61 787 50 60 
788 34 95 1448 35 96 1448 7 35 788 9 29 
789 51 76 110 54 80 110 27 40 789 33 37 
790 39 44 306 39 45 306 89 39 790 82 42 
791 34 20 407 41 23 407 59 64 791 62 54 
793 15 70 379 17 97 379 52 28 793 52 30 
794 29 89 693 36 91 693 55 12 794 62 35 
795 69 44 131 59 28 131 58 24 795 56 17 
796 10 69 1318 7 66 1318 12 48 796 24 48 
797 8 0 1357 1 10 1357 48 20 797 47 20 
798 66 24 596 63 42 596 35 8 798 32 6 
799 43 34 329 52 47 329 80 44 799 81 45 
800 80 74 1233 75 85 1233 96 98 800 92 98 
801 13 26 304 11 27 304 77 96 801 64 95 
802 0 73 1313 2 78 1313 96 43 802 75 47 
803 6 67 1364 16 64 1364 96 59 803 85 56 
804 91 88 226 95 65 226 44 36 804 45 36 
806 79 74 38 76 74 38 67 17 806 61 19 
807 19 90 632 0 86 632 39 12 807 36 11 
808 55 60 109 57 82 109 97 96 808 98 92 
809 98 10 416 93 26 416 38 89 809 31 97 
810 52 45 123 38 48 123 19 88 810 14 84 
811 86 22 1082 85 18 1082 60 53 811 60 39 
814 15 62 556 1 71 556 38 61 814 52 61 
816 3 50 1036 4 52 1036 44 36 816 66 34 
818 98 27 568 95 46 568 18 24 818 29 24 
819 55 37 1476 60 40 1476 10 75 819 3 79 
820 84 27 1456 79 40 1456 63 15 820 62 16 
821 0 81 582 2 87 442 1 53 582 75 73 442 96 69 821 84 70 
822 61 2 1254 55 13 1254 17 84 822 19 84 
823 99 59 183 97 58 183 1 10 823 7 5 
824 63 62 73 60 55 73 25 36 824 42 34 
825 82 56 1075 87 43 1075 18 94 825 17 97 
826 1 96 1023 5 91 1023 16 36 826 16 55 
827 36 38 1174 43 37 1174 16 43 827 10 38 
828 58 55 1115 56 53 1115 24 42 828 26 36 
829 86 77 715 80 76 715 57 8 829 44 7 
830 86 29 618 82 29 618 25 43 830 12 49 
831 67 7 1093 72 7 946 61 17 1093 66 93 946 80 99 831 77 88 
832 23 35 1355 19 41 1355 84 74 832 79 79 
833 79 97 1340 70 98 1340 81 5 833 81 20 
834 40 9 229 40 16 229 95 84 834 93 83 
835 89 89 252 83 92 252 14 87 835 15 93 
836 19 41 1336 24 56 1336 30 95 836 25 96 
837 26 62 150 31 63 150 98 39 837 98 37 
838 77 17 1394 80 10 1394 81 60 838 83 62 
839 86 96 532 88 98 532 49 61 839 42 49 
840 36 5 1208 31 11 1208 7 89 840 21 94 
841 46 43 1401 44 38 1401 33 78 841 33 63 
842 27 33 1464 23 35 1464 73 70 842 75 52 
844 41 1 1060 48 1 1060 83 27 844 76 23 
845 10 95 1130 10 93 1130 16 42 845 30 59 
846 56 90 467 59 93 467 63 45 846 65 40 
847 63 76 1416 63 94 1416 75 87 847 79 86 
849 9 58 1109 15 64 1109 26 7 849 23 10 
850 50 43 1134 51 35 1134 67 4 850 76 11 
851 83 75 1098 82 86 1098 87 89 851 90 97 
852 32 12 1014 43 6 1014 88 44 852 85 43 
853 38 60 259 38 63 259 41 61 853 55 65 
854 62 94 1190 57 97 1190 33 96 854 36 95 
855 94 9 1252 96 8 1252 61 53 855 63 68 
856 28 33 1184 24 36 1184 60 76 856 68 74 
858 2 29 89 0 23 89 96 53 858 99 61 
859 97 25 1369 98 30 1369 40 3 859 28 17 
862 73 2 848 68 1 848 97 24 862 88 22 
863 59 97 389 59 91 389 27 97 863 26 85 
864 72 80 289 65 81 289 36 9 864 46 6 
867 80 96 1290 81 89 1290 82 81 867 66 92 
868 27 72 1425 36 71 1425 93 57 868 94 57 
870 60 52 1415 57 60 1415 35 98 870 28 96 
871 45 93 1323 44 94 1323 27 41 871 26 30 
872 7 29 1376 7 33 1376 70 41 872 59 40 
873 30 53 1356 30 52 1356 3 66 873 4 62 
874 61 21 1129 60 29 1129 46 61 874 48 56 
875 90 24 1091 89 17 1091 62 53 875 56 55 
876 89 52 175 83 52 175 65 61 876 81 55 
877 89 8 610 79 2 610 70 69 877 67 79 
878 56 52 843 59 50 1132 59 54 1132 10 71 843 1 71 878 3 71 
879 84 69 84 99 69 84 26 69 879 9 71 
880 31 32 1000 31 35 1000 17 61 880 28 77 
881 53 9 339 49 1 339 99 44 881 97 53 
882 3 52 1443 10 49 1443 29 66 882 30 54 
883 56 9 157 68 3 857 48 18 157 41 78 857 30 83 883 30 80 
884 94 77 1400 94 76 1400 97 77 884 98 54 
886 20 48 112 38 56 112 54 94 886 55 87 
888 13 81 627 14 81 627 48 42 888 52 66 
889 16 94 1245 15 88 1245 6 5 889 7 0 
890 1 62 326 3 53 326 30 98 890 26 98 
891 81 33 605 92 41 605 0 5 891 11 0 
892 19 28 1348 18 39 1348 81 33 892 90 35 
893 18 86 1495 16 78 1495 3 58 893 5 60 
894 46 39 1050 46 32 1050 97 63 894 96 64 
896 58 49 1237 58 47 1237 81 83 896 80 72 
897 22 20 1417 22 21 1417 33 13 897 24 17 
898 26 12 612 29 5 933 44 16 933 99 17 612 99 49 898 93 31 
899 66 3 885 68 13 885 46 48 899 59 39 
900 3 90 1056 3 99 1056 15 33 900 18 44 
901 73 64 680 75 74 680 29 35 901 24 16 
903 10 36 813 5 35 776 18 44 813 25 45 776 34 60 903 24 58 
904 66 2 1270 69 7 1270 59 66 904 49 69 
906 96 35 1096 89 49 1096 68 19 906 68 11 
907 88 23 579 90 20 579 16 21 907 33 35 
908 78 86 1390 86 85 1390 30 78 908 17 80 
909 18 6 138 15 4 138 68 22 909 74 22 
910 39 14 643 34 23 643 79 24 910 67 24 
911 7 12 111 7 23 111 89 32 911 93 35 
912 14 11 860 2 18 860 37 50 912 30 56 
913 65 25 1113 64 23 1113 3 6 913 10 7 
914 50 17 450 50 30 450 65 74 914 56 72 
915 26 93 1410 15 97 1410 29 31 915 32 26 
916 98 47 405 88 34 405 52 83 916 56 82 
917 42 22 350 57 32 350 13 11 917 11 16 
918 4 34 86 8 43 731 14 40 731 62 13 86 79 15 918 77 14 
919 53 18 298 45 16 298 81 30 919 91 26 
920 31 48 1412 28 61 1412 20 14 920 24 15 
921 83 91 561 88 84 561 81 21 921 93 30 
922 20 85 1251 24 86 1251 95 87 922 90 78 
923 46 2 665 44 1 665 72 95 923 93 90 
924 83 35 1157 82 37 1157 91 35 924 93 36 
925 47 13 1393 49 37 1393 79 94 925 78 94 
926 78 33 493 73 29 493 83 13 926 70 2 
927 6 5 1229 10 7 1229 42 90 927 61 92 
929 8 72 956 0 74 454 7 88 956 64 18 454 85 23 929 77 23 
930 72 28 408 78 27 408 22 16 930 30 28 
931 86 10 1147 88 6 1147 11 8 931 26 0 
932 46 88 1126 52 87 1126 33 92 932 36 90 
934 58 19 1459 58 26 1459 35 17 934 26 22 
935 35 90 1314 44 95 1314 82 35 935 78 34 
936 72 54 151 73 60 151 43 99 936 35 96 
937 82 5 182 85 2 182 93 87 937 90 98 
938 42 40 431 34 30 431 14 1 938 6 6 
939 29 53 533 23 67 533 26 45 939 25 44 
940 81 43 1422 80 51 1422 3 94 940 2 95 
941 73 81 209 86 92 209 56 93 941 50 91 
942 7 57 1214 5 63 1214 23 23 942 35 23 
943 49 86 39 52 83 39 32 13 943 34 11 
944 57 68 188 52 75 188 88 2 944 86 3 
945 73 12 1211 75 22 1211 96 96 945 97 94 
947 89 47 1234 87 48 1234 56 2 947 61 5 
948 9 43 1360 10 37 1360 66 47 948 66 65 
949 25 3 476 23 12 476 33 89 949 49 93 
950 98 71 609 95 73 609 52 20 950 45 16 
951 14 85 0 13 75 443 30 81 443 78 84 0 83 98 951 76 85 
952 54 13 1165 53 8 1165 70 9 952 62 7 
953 28 66 1461 30 69 1461 5 76 953 6 68 
954 87 2 695 99 2 695 51 36 954 46 36 
955 17 16 1003 15 28 1003 71 32 955 74 23 
957 4 33 759 19 24 759 95 93 957 95 94 
958 42 75 699 41 73 699 47 66 958 46 88 
959 42 56 1032 38 48 1032 64 53 959 64 69 
960 83 36 1148 85 18 1148 94 22 960 92 13 
961 88 52 1180 89 41 1180 24 98 961 37 95 
962 30 45 614 26 47 614 38 17 962 33 13 
963 48 98 32 50 93 32 41 74 963 36 88 
964 53 34 1433 48 36 1433 24 58 964 29 50 
965 56 77 143 56 84 143 56 46 965 50 50 
966 68 49 261 64 51 261 64 4 966 88 0 
967 87 43 1100 94 39 1100 87 29 967 88 30 
968 5 45 26 10 51 26 18 38 968 13 43 
969 19 92 1041 11 87 1041 6 71 969 3 72 
970 80 87 356 78 95 356 36 34 970 38 36 
971 88 96 325 88 90 325 6 90 971 7 83 
972 83 21 1378 87 5 1378 52 64 972 52 67 
973 84 34 1427 87 44 1427 47 90 973 40 89 
974 83 37 210 84 44 210 59 7 974 70 1 
975 36 54 169 38 64 169 50 6 975 47 12 
976 54 61 1152 57 55 1152 88 83 976 89 93 
977 30 29 1319 38 31 1319 13 90 977 20 86 
978 6 26 771 10 27 771 11 43 978 7 52 
979 43 52 1487 45 52 1487 61 96 979 58 95 
980 60 36 1170 58 48 1170 49 88 980 49 89 
981 75 59 1272 74 53 1272 88 47 981 91 43 
982 84 97 1020 75 99 1020 76 9 982 90 19 
984 26 33 1465 28 32 1465 54 54 984 42 54 
985 98 31 190 99 23 190 3 36 985 5 9 
986 27 32 315 35 26 315 36 93 986 35 92 
987 34 5 815 53 6 815 27 31 987 31 23 
988 41 92 1057 42 92 1057 12 73 988 14 92 
989 72 77 489 63 77 489 9 68 989 21 60 
990 67 84 1094 64 83 1094 99 28 990 92 20 
991 98 25 198 97 16 198 42 77 991 34 74 
992 96 24 1297 83 15 1297 47 64 992 48 71 
993 99 35 1077 98 37 786 88 31 1077 42 37 786 53 41 993 53 46 
994 83 17 426 97 10 426 27 43 994 29 37 
996 20 25 1258 26 35 1258 54 39 996 52 34 
998 21 84 167 21 87 167 59 66 998 70 70 
999 65 41 737 81 55 737 10 31 999 11 24 
