2 83 64 132 80 69 132 40 85 2 21 85 
3 82 26 134 68 25 134 49 49 3 34 54 
4 2 0 1 2 1 1 21 0 4 26 15 
5 41 73 113 49 82 113 13 50 5 25 50 
6 88 63 130 97 76 130 53 2 6 68 1 
8 9 16 110 11 32 110 65 33 8 69 14 
10 80 79 118 72 84 118 13 12 10 19 15 
11 23 75 117 24 87 117 55 52 11 53 24 
13 30 64 141 26 64 141 51 26 13 45 33 
14 17 56 137 28 60 137 70 29 14 54 25 
15 91 24 126 87 29 126 88 25 15 72 6 
17 38 15 131 71 14 131 30 38 17 26 39 
18 97 76 123 86 73 123 63 82 18 76 70 
20 5 24 146 28 27 146 77 54 20 86 52 
23 42 30 100 35 33 100 22 26 23 17 33 
26 36 54 102 28 63 102 29 42 26 19 45 
28 5 34 129 7 19 129 2 38 28 9 29 
29 24 50 24 21 61 24 11 50 29 4 33 
30 2 95 124 7 91 124 1 54 30 8 36 
32 7 19 16 22 23 16 40 28 32 37 43 
33 25 18 127 13 14 127 11 22 33 24 19 
34 24 50 19 1 14 19 79 39 34 83 13 
36 82 70 21 70 37 21 10 19 36 10 19 
37 18 52 140 24 47 140 4 89 37 7 74 
40 69 86 7 71 45 7 99 6 40 99 23 
41 44 20 27 54 11 27 27 73 41 20 71 
42 29 1 145 23 0 145 47 52 42 39 34 
43 14 30 114 25 24 114 31 91 43 29 71 
45 47 90 149 36 82 149 66 13 45 66 35 
47 67 86 121 98 83 121 99 84 47 87 87 
48 44 37 12 44 44 12 12 47 48 19 49 
51 90 98 50 49 87 50 18 83 51 28 83 
52 26 64 39 10 48 39 19 88 52 35 92 
53 72 85 115 64 87 115 66 86 53 70 91 
54 74 82 148 74 89 148 3 65 54 2 58 
57 93 53 122 96 72 122 93 66 57 91 46 
59 5 76 119 0 71 119 11 35 59 9 34 
60 43 69 136 44 92 136 59 22 60 62 33 
61 4 48 9 9 70 9 49 68 61 40 73 
62 43 46 46 41 34 46 1 84 62 0 49 
64 8 77 120 1 94 120 30 84 64 60 82 
65 62 84 22 69 95 22 74 29 65 84 34 
66 49 99 31 81 93 31 15 7 66 13 4 
67 59 82 103 58 99 103 42 77 67 43 79 
68 45 10 142 26 16 142 7 97 68 27 98 
69 31 81 147 35 64 147 74 67 69 70 72 
70 81 6 58 38 51 58 45 77 70 58 92 
71 70 67 112 88 45 112 97 65 71 76 58 
72 94 76 101 98 72 101 21 66 72 42 58 
73 23 16 135 27 14 135 8 70 73 20 57 
74 27 27 63 73 31 63 44 13 74 12 15 
75 17 96 49 39 68 49 5 27 75 11 41 
76 66 99 56 69 94 56 84 92 76 77 79 
77 3 31 25 15 43 25 50 4 77 17 7 
78 62 24 108 53 24 108 66 56 78 78 81 
79 77 14 107 70 6 107 38 82 79 53 85 
80 75 65 144 94 67 144 24 66 80 15 86 
82 59 54 104 77 51 104 75 19 82 67 0 
83 50 36 109 38 33 109 82 59 83 47 69 
84 41 99 139 4 98 139 87 77 84 93 67 
85 68 73 138 69 71 138 71 17 85 80 32 
86 91 15 38 89 15 38 0 25 86 3 87 
87 89 98 81 71 7 81 77 92 87 55 68 
88 60 93 55 42 84 55 96 3 88 87 17 
89 42 58 111 54 59 111 89 58 89 89 55 
90 23 4 116 45 7 116 99 74 90 84 67 
91 33 90 133 16 86 133 0 13 91 26 12 
92 51 27 35 44 27 35 39 45 92 0 49 
93 20 32 125 25 10 125 76 22 93 88 22 
94 80 72 44 65 60 44 33 45 94 13 35 
95 49 18 0 46 32 0 96 96 95 52 84 
96 40 31 128 31 81 128 42 14 96 44 6 
97 69 94 143 63 93 143 17 33 97 22 18 
98 59 65 105 68 61 105 14 33 98 14 27 
99 91 46 106 91 60 106 54 83 99 67 73 
