0 19 87 280 15 73 232 35 88 280 81 57 232 85 47 0 88 55 
1 47 58 116 39 63 111 22 65 111 56 51 208 14 71 116 47 31 208 58 19 1 56 31 
2 37 25 124 7 12 180 16 6 124 29 8 180 25 19 2 34 14 
3 46 50 396 45 44 353 38 18 396 73 21 353 80 50 3 72 29 
4 97 41 336 97 42 336 93 8 4 94 21 
5 45 32 148 41 29 148 35 18 155 26 17 167 24 56 155 15 57 139 27 60 139 6 13 167 1 25 5 0 31 
6 3 11 151 0 21 333 9 22 151 14 41 333 34 43 6 7 67 
7 64 72 101 74 67 123 75 64 123 50 66 171 49 77 171 25 92 101 29 94 7 30 85 
8 48 25 129 57 0 129 11 11 8 22 16 
9 54 82 285 55 87 100 94 94 285 27 85 292 27 94 292 19 30 100 27 9 9 27 20 
10 60 27 207 44 22 142 38 28 142 88 36 207 99 51 10 83 29 
11 72 8 114 71 14 189 36 13 114 49 52 189 63 44 11 75 30 
12 80 13 157 86 42 157 88 36 12 94 34 
13 57 96 290 75 97 272 48 98 272 38 93 290 35 86 13 34 66 
14 8 82 234 10 96 252 30 88 252 51 91 234 57 81 14 34 74 
15 12 75 244 34 77 140 20 94 244 20 49 388 28 49 140 13 28 281 1 63 388 1 90 281 7 78 15 6 61 
16 81 31 344 98 35 277 67 45 344 30 95 277 21 92 16 10 89 
17 69 55 219 77 56 308 77 50 308 48 23 219 3 15 17 30 18 
18 69 38 315 68 42 315 26 13 18 22 41 
19 92 26 283 94 29 212 91 60 283 18 19 212 12 21 19 8 10 
20 37 87 158 43 99 122 56 89 158 73 75 205 39 85 205 76 46 122 93 44 20 68 36 
21 74 68 271 80 94 392 86 88 271 55 29 392 56 6 21 62 0 
22 98 73 362 98 83 225 94 54 362 46 23 225 49 32 22 49 32 
23 17 60 387 18 87 377 22 51 377 49 52 387 54 59 23 51 63 
24 45 14 256 54 6 256 35 3 24 30 3 
25 69 33 190 71 32 190 79 19 25 69 11 
26 67 17 227 16 29 227 3 38 26 6 42 
27 96 11 339 72 24 339 2 74 27 13 36 
28 52 40 358 56 35 169 36 32 358 29 13 169 24 19 28 26 22 
29 93 63 365 98 79 393 93 89 365 36 96 393 35 51 29 46 73 
30 75 65 113 57 88 195 53 65 113 39 7 195 45 3 30 44 6 
31 52 20 163 32 25 134 19 34 163 65 41 134 79 55 31 72 54 
32 76 50 150 69 39 347 95 54 150 89 85 347 49 84 32 68 70 
33 81 52 302 83 45 166 82 42 302 58 91 288 75 51 166 24 85 288 0 80 33 8 83 
34 37 59 322 13 72 327 40 90 327 78 11 322 85 9 34 51 0 
35 53 79 161 97 93 133 92 85 133 82 65 161 72 59 35 80 57 
36 93 36 251 95 31 251 81 15 36 78 32 
37 0 92 120 7 83 359 19 80 120 48 37 359 29 26 37 4 34 
38 80 85 224 76 95 107 68 89 224 44 58 107 49 44 38 18 49 
39 86 80 325 73 81 298 50 79 325 19 79 298 22 62 39 13 68 
40 1 43 191 8 23 376 40 39 376 17 75 191 28 99 40 28 92 
41 26 79 397 26 69 342 22 60 397 49 48 215 74 93 342 44 84 345 44 95 215 23 65 345 4 57 41 27 60 
42 7 56 197 6 58 239 13 69 197 62 47 265 37 66 239 96 42 265 86 9 42 87 7 
43 56 48 220 30 55 220 45 36 43 43 19 
44 90 18 210 98 47 246 97 58 210 89 44 246 89 28 44 87 32 
45 17 29 126 18 15 184 40 13 184 57 67 255 54 15 126 78 58 255 73 96 45 71 89 
46 9 36 287 10 14 287 12 37 46 11 21 
47 75 88 198 79 79 303 62 76 303 74 24 198 97 20 47 81 4 
48 4 10 380 3 1 183 1 23 380 60 74 183 76 30 48 36 28 
49 62 38 373 92 70 320 93 73 320 93 95 373 99 96 49 96 97 
50 57 62 386 60 56 194 80 67 194 39 75 386 42 80 50 49 82 
51 42 68 103 53 72 258 10 69 258 5 42 351 6 46 103 2 27 351 12 11 51 18 18 
52 38 43 294 1 26 240 43 19 294 79 14 240 71 14 52 71 5 
53 32 40 236 17 50 236 36 36 53 27 12 
54 88 72 338 97 72 254 84 76 254 68 61 384 66 82 338 66 50 384 72 46 54 87 53 
55 30 47 156 12 90 394 14 97 394 76 94 174 77 69 156 90 67 231 88 80 174 89 92 231 90 95 55 92 98 
56 79 6 293 75 9 242 58 21 242 52 40 293 42 72 56 51 25 
57 36 40 238 18 32 105 27 36 238 70 42 105 72 31 57 47 28 
58 7 59 276 4 42 276 12 47 58 8 48 
59 56 69 199 50 95 296 54 67 199 76 36 296 77 23 59 42 27 
60 86 31 326 92 64 366 96 83 366 99 63 326 99 58 60 98 53 
61 93 59 371 99 81 382 82 98 371 22 94 382 10 69 61 17 69 
62 52 48 201 50 48 317 50 48 317 84 58 201 97 60 62 91 54 
63 11 10 323 12 7 321 20 12 321 28 53 323 59 62 63 31 42 
64 12 76 269 13 73 182 7 55 182 94 46 269 99 36 64 91 35 
65 7 63 203 8 54 203 15 45 259 16 43 289 21 5 259 17 75 289 34 75 65 34 73 
66 18 93 374 38 85 374 43 71 66 51 73 
67 28 95 178 23 97 385 21 61 385 19 27 178 13 4 67 6 30 
68 63 92 331 58 90 172 64 74 172 24 9 331 3 6 68 17 4 
69 46 19 164 18 21 328 45 36 164 75 53 216 59 40 328 98 34 216 98 14 69 89 15 
70 45 61 196 40 66 196 52 78 70 70 83 
71 71 3 375 49 6 390 44 13 390 37 72 375 5 93 71 31 96 
72 1 58 361 0 76 109 6 77 109 56 91 361 66 92 72 85 99 
73 29 75 399 16 79 162 33 86 162 39 54 399 41 45 73 43 43 
74 27 19 119 16 5 131 11 1 131 7 26 235 28 22 119 38 43 235 49 64 74 43 10 
75 86 10 222 87 41 222 95 13 75 62 26 
76 28 38 352 19 35 144 32 55 144 54 54 352 74 57 76 49 66 
77 84 90 137 77 75 370 77 74 137 69 68 112 59 64 112 56 98 370 45 94 77 49 97 
78 75 56 211 86 59 266 90 51 211 71 41 286 70 41 286 22 53 266 4 32 78 34 35 
79 16 98 153 15 94 202 8 93 153 58 46 202 93 36 79 45 1 
80 55 94 200 53 94 221 74 99 200 74 78 221 67 82 80 97 85 
81 19 71 118 1 81 245 38 69 118 56 37 245 52 6 81 40 23 
82 52 0 204 59 8 343 45 24 204 42 75 282 63 38 343 33 82 282 30 99 82 29 80 
83 48 83 143 47 94 138 33 86 143 30 37 138 33 3 83 40 6 
84 61 2 284 51 3 346 57 10 284 66 78 346 21 76 84 33 84 
85 54 75 279 60 86 337 60 76 337 73 41 279 73 35 85 95 32 
86 47 28 262 14 4 273 18 2 273 50 5 262 61 9 86 49 8 
87 74 1 217 86 22 334 53 13 217 54 97 334 59 94 87 63 62 
88 7 44 268 11 42 316 5 48 268 38 77 316 36 94 88 11 95 
89 60 57 250 65 73 318 68 96 250 7 65 318 1 53 89 23 38 
90 8 35 213 35 28 136 16 29 136 15 64 223 11 71 213 4 84 223 5 89 90 0 92 
91 84 15 307 74 1 307 29 5 91 52 2 
92 41 46 314 26 0 206 35 8 314 37 69 185 36 46 185 57 61 206 42 76 92 36 68 
93 71 26 295 42 27 188 58 35 295 67 61 188 72 64 93 76 57 
94 41 86 257 54 81 186 17 75 186 10 75 257 13 77 94 13 83 
95 17 14 218 24 16 309 38 32 218 47 98 309 35 96 95 35 96 
96 80 30 104 90 82 104 56 10 96 42 4 
97 43 50 330 42 2 372 46 67 372 96 58 330 88 89 97 77 90 
98 84 48 319 80 49 108 64 39 319 70 27 367 62 19 108 89 1 367 96 26 98 95 27 
99 57 46 154 62 29 128 71 29 154 44 47 128 42 49 99 40 49 
