0 80 56 159 90 49 211 75 41 211 53 25 159 33 6 0 26 16 
1 49 92 166 43 99 166 6 38 1 12 3 
2 72 83 212 66 63 212 95 25 2 81 36 
3 70 28 246 45 28 114 45 19 246 84 22 114 91 23 3 93 22 
4 41 50 173 54 45 173 78 32 4 89 37 
5 91 13 169 96 15 184 36 37 169 1 56 184 20 64 5 14 74 
6 55 60 198 63 65 198 56 67 6 47 56 
7 3 21 224 7 29 224 26 39 7 21 3 
8 26 65 220 14 71 167 30 84 167 75 82 220 87 78 8 68 75 
9 21 62 125 48 85 189 71 87 189 77 56 125 74 47 9 94 9 
10 88 78 126 99 82 126 78 89 10 44 74 
11 78 15 205 94 1 140 93 20 140 44 35 205 33 35 11 47 16 
12 75 46 199 46 40 222 57 10 199 68 7 222 73 12 12 73 12 
13 17 48 165 4 16 209 4 49 209 82 96 165 96 76 13 83 51 
14 65 16 228 55 0 228 36 84 14 21 83 
15 42 51 118 39 30 112 31 62 112 30 68 118 21 68 15 6 48 
16 5 49 137 2 15 137 35 32 16 31 24 
17 67 84 151 41 82 151 31 62 17 39 57 
18 83 39 146 68 39 146 62 0 18 50 18 
19 89 92 127 99 96 115 95 80 127 18 46 196 43 44 115 17 27 196 23 26 19 25 20 
20 94 52 232 78 59 232 85 95 20 71 55 
21 86 17 139 95 30 176 99 39 176 64 44 139 45 48 21 16 57 
22 76 18 216 98 13 216 44 20 22 55 21 
23 63 69 138 62 83 138 97 96 23 50 85 
24 22 38 203 12 30 203 42 31 24 48 30 
25 73 90 143 56 69 143 83 7 25 73 6 
26 36 78 168 12 69 168 89 66 26 88 63 
27 99 65 152 79 52 152 75 4 27 61 5 
28 24 81 229 18 80 144 4 72 229 60 26 144 74 4 28 81 28 
29 7 80 233 27 87 233 16 78 29 20 83 
30 59 47 195 60 57 195 80 30 30 61 39 
31 61 94 223 84 94 172 79 92 223 37 63 172 9 23 31 46 13 
32 1 35 164 20 21 187 21 39 187 81 48 164 97 43 32 82 34 
33 71 45 178 78 53 178 74 70 33 44 51 
34 61 27 244 69 27 244 37 72 34 28 52 
35 81 1 207 92 4 132 89 42 207 82 77 132 83 85 35 75 84 
36 60 1 135 32 0 239 34 8 135 16 10 239 6 25 36 8 52 
37 9 59 133 2 59 133 24 68 37 17 51 
38 90 63 170 92 74 131 84 85 170 15 90 131 20 65 38 22 70 
39 88 88 230 68 87 230 78 73 39 92 52 
40 27 93 163 14 91 147 15 84 163 56 45 147 84 36 40 79 32 
41 8 96 245 2 97 191 58 95 245 70 70 154 75 66 154 34 25 191 36 19 41 35 9 
42 72 26 238 73 25 238 38 63 42 11 56 
43 68 42 234 66 81 101 50 71 101 28 56 234 18 45 43 39 45 
44 54 65 237 49 64 237 82 97 44 73 58 
45 31 70 194 26 16 194 43 49 45 29 50 
46 5 49 174 2 20 155 0 3 174 3 12 120 14 18 120 19 35 155 30 72 46 21 38 
47 3 81 129 33 83 129 13 33 47 13 45 
48 67 84 181 62 82 181 71 35 48 60 26 
49 66 0 192 85 2 156 78 20 156 25 6 192 22 5 49 38 20 
50 92 10 197 92 52 235 96 61 197 90 86 235 39 90 50 18 93 
51 50 62 113 55 71 113 73 96 51 70 94 
52 53 15 145 43 31 153 38 40 153 75 84 145 93 75 52 88 71 
53 32 77 183 27 76 183 32 69 53 62 67 
54 8 43 248 8 51 248 71 50 54 60 20 
55 82 16 141 78 22 150 69 23 141 23 65 150 11 75 55 13 98 
56 17 58 179 3 12 206 10 71 179 15 77 206 8 71 56 6 56 
57 15 62 241 37 91 241 40 10 57 41 7 
58 74 28 188 60 30 100 71 40 100 73 41 188 88 73 58 67 41 
59 95 48 210 92 53 148 88 52 148 30 82 210 16 81 59 35 62 
60 31 5 117 41 8 117 5 13 60 27 12 
61 54 66 218 84 64 240 90 71 240 35 87 218 22 92 61 23 86 
62 78 48 123 81 51 123 30 90 62 31 92 
63 38 65 217 36 59 231 37 48 231 67 12 217 64 12 63 57 46 
64 89 10 119 78 6 119 33 85 64 21 80 
65 12 63 186 17 15 186 5 97 65 3 90 
66 62 14 193 66 2 226 77 16 226 96 27 193 96 86 66 98 88 
67 99 32 116 99 19 116 92 89 67 88 57 
68 71 62 107 74 55 108 58 54 108 16 67 107 12 75 68 25 41 
69 12 67 104 11 44 109 33 84 104 79 84 136 45 76 136 12 53 109 3 42 69 3 18 
70 69 34 149 72 23 149 58 74 70 50 76 
71 30 99 185 89 91 185 46 57 71 43 59 
72 44 70 124 53 95 124 59 93 72 37 84 
73 51 25 201 47 17 225 63 9 201 76 71 225 40 88 73 28 77 
74 60 24 204 72 19 202 77 38 204 92 50 202 93 69 74 90 45 
75 44 44 190 45 45 103 46 49 190 87 58 103 96 84 75 69 76 
76 13 83 121 14 26 157 17 20 121 26 50 157 58 94 76 43 76 
77 18 35 247 6 24 182 36 32 182 65 29 177 56 31 247 55 93 177 43 95 77 33 95 
78 74 51 221 78 44 221 50 62 78 47 68 
79 53 38 242 35 16 171 34 30 171 65 53 242 74 72 79 58 67 
80 78 17 102 56 16 102 51 88 80 66 97 
81 89 25 200 96 29 200 90 46 81 99 25 
82 99 60 110 96 93 110 82 93 82 91 98 
83 80 47 142 58 46 142 77 87 83 60 51 
84 63 4 213 64 14 106 60 34 213 55 83 106 42 93 84 36 87 
85 31 56 134 26 57 214 43 58 134 94 64 214 85 54 85 82 51 
86 59 10 175 41 2 175 67 11 86 72 16 
87 12 30 130 33 43 130 35 75 87 25 77 
88 96 43 162 72 44 162 32 62 88 24 21 
89 45 74 249 38 80 161 26 68 249 23 20 161 76 14 89 54 19 
90 42 78 227 12 67 227 25 99 90 15 93 
91 96 50 219 87 37 219 81 62 91 78 31 
92 72 20 160 77 53 160 90 80 92 96 85 
93 93 53 122 98 45 158 78 28 122 70 17 158 8 14 93 5 14 
94 1 67 215 4 72 180 1 5 215 57 9 180 69 24 94 57 18 
95 53 99 243 69 59 243 77 56 95 79 41 
96 28 20 128 17 6 128 30 78 96 11 89 
97 10 62 208 21 47 105 24 73 105 44 86 208 45 98 97 43 79 
98 61 66 111 53 69 111 82 24 98 53 20 
99 71 25 236 55 31 236 40 23 99 41 11 
