0 19 87 153 15 94 252 30 88 252 51 91 122 56 89 153 58 46 122 93 44 0 88 55 
1 47 58 116 39 63 220 30 55 220 45 36 116 47 31 1 56 31 
2 37 25 169 36 32 169 24 19 2 34 14 
3 46 50 346 57 10 196 40 66 346 21 76 253 16 83 196 52 78 337 60 76 337 73 41 253 74 36 3 72 29 
4 97 41 336 97 42 222 87 41 336 93 8 222 95 13 4 94 21 
5 45 32 233 39 33 233 19 41 5 0 31 
6 3 11 287 10 14 155 26 17 287 12 37 136 16 29 155 15 57 136 15 64 6 7 67 
7 64 72 254 84 76 101 74 67 254 68 61 112 59 64 112 56 98 272 48 98 272 38 93 101 29 94 7 30 85 
8 48 25 335 35 22 335 69 20 247 82 0 129 57 0 129 11 11 247 0 55 385 21 61 385 19 27 8 22 16 
9 54 82 171 49 77 171 25 92 248 13 86 208 14 71 248 93 21 208 58 19 9 27 20 
10 60 27 121 44 14 207 44 22 121 52 93 201 50 48 207 99 51 145 97 58 201 97 60 210 98 47 210 89 44 145 82 37 10 83 29 
11 72 8 334 53 13 355 55 14 334 59 94 327 40 90 355 82 81 369 76 62 369 79 16 327 78 11 11 75 30 
12 80 13 149 68 8 310 66 3 149 73 21 367 62 19 367 96 26 310 96 34 12 94 34 
13 57 96 312 61 96 224 76 95 312 47 79 224 44 58 13 34 66 
14 8 82 202 8 93 120 7 83 202 93 36 120 48 37 14 34 74 
15 12 75 186 17 75 186 10 75 15 6 61 
16 81 31 344 98 35 277 67 45 344 30 95 277 21 92 16 10 89 
17 69 55 356 71 76 382 82 98 356 65 93 298 50 79 382 10 69 341 6 70 298 22 62 236 17 50 341 48 39 236 36 36 17 30 18 
18 69 38 315 68 42 132 67 28 315 26 13 119 16 5 132 26 35 119 38 43 18 22 41 
19 92 26 275 93 16 395 82 26 395 47 21 219 77 56 275 1 26 219 3 15 19 8 10 
20 37 87 249 36 81 193 30 75 249 65 7 193 68 30 20 68 36 
21 74 68 362 98 83 392 86 88 362 46 23 392 56 6 21 62 0 
22 98 73 366 96 83 161 97 93 366 99 63 211 86 59 161 72 59 271 80 94 211 71 41 271 55 29 22 49 32 
23 17 60 115 11 61 342 22 60 115 32 98 374 38 85 342 44 84 228 35 75 374 43 71 228 47 65 23 51 63 
24 45 14 289 21 5 167 24 56 289 34 75 359 19 80 167 1 25 359 29 26 24 30 3 
25 69 33 190 71 32 190 79 19 25 69 11 
26 67 17 229 65 17 266 90 51 266 4 32 151 0 21 151 14 41 229 8 60 26 6 42 
27 96 11 152 93 15 324 99 27 324 85 59 212 91 60 152 40 41 212 12 21 27 13 36 
28 52 40 358 56 35 148 41 29 148 35 18 358 29 13 28 26 22 
29 93 63 320 93 73 365 98 79 320 93 95 215 74 93 365 36 96 387 18 87 215 23 65 111 22 65 111 56 51 387 54 59 29 46 73 
30 75 65 160 89 86 261 91 87 160 69 61 175 79 57 261 48 33 175 15 29 30 44 6 
31 52 20 238 18 32 134 19 34 238 70 42 188 58 35 134 79 55 188 72 64 31 72 54 
32 76 50 282 63 38 386 60 56 282 30 99 181 44 89 386 42 80 181 72 81 32 68 70 
33 81 52 166 82 42 286 70 41 286 22 53 166 24 85 33 8 83 
34 37 59 245 38 69 304 39 69 304 58 52 322 13 72 322 85 9 245 52 6 34 51 0 
35 53 79 232 35 88 127 44 77 127 74 61 232 85 47 35 80 57 
36 93 36 251 95 31 251 81 15 36 78 32 
37 0 92 241 2 73 241 6 41 37 4 34 
38 80 85 306 87 65 231 88 80 231 90 95 318 68 96 306 16 89 364 32 85 364 2 76 318 1 53 38 18 49 
39 86 80 179 95 64 347 95 54 179 97 57 371 99 81 347 49 84 285 55 87 285 27 85 345 44 95 371 22 94 345 4 57 39 13 68 
40 1 43 276 4 42 316 5 48 276 12 47 223 11 71 223 5 89 316 36 94 40 28 92 
41 26 79 292 27 94 258 10 69 258 5 42 226 2 47 292 19 30 314 26 0 226 45 37 314 37 69 41 27 60 
42 7 56 159 8 57 265 37 66 159 67 27 274 27 19 265 86 9 274 94 1 42 87 7 
43 56 48 349 58 50 130 62 60 130 29 81 125 8 98 349 42 81 113 57 88 113 39 7 125 43 11 43 43 19 
44 90 18 378 76 9 114 71 14 114 49 52 317 50 48 378 12 65 377 22 51 377 49 52 146 58 66 317 84 58 146 88 53 44 87 32 
45 17 29 299 19 18 218 24 16 299 97 11 255 54 15 218 47 98 255 73 96 45 71 89 
46 9 36 227 16 29 227 3 38 46 11 21 
47 75 88 279 60 86 303 62 76 279 73 35 303 74 24 47 81 4 
48 4 10 183 1 23 124 7 12 124 29 8 360 29 12 360 83 4 117 97 1 183 76 30 117 27 41 48 36 28 
49 62 38 177 18 29 389 56 34 177 83 64 110 78 76 389 88 93 373 92 70 110 94 93 373 99 96 49 96 97 
50 57 62 194 80 67 325 73 81 325 19 79 194 39 75 50 49 82 
51 42 68 331 58 90 103 53 72 103 2 27 331 3 6 51 18 18 
52 38 43 142 38 28 108 64 39 142 88 36 173 68 42 108 89 1 173 88 5 52 71 5 
53 32 40 260 36 48 139 27 60 260 19 21 139 6 13 53 27 12 
54 88 72 267 97 74 338 97 72 267 5 12 321 20 12 321 28 53 144 32 55 144 54 54 338 66 50 54 87 53 
55 30 47 388 28 49 156 12 90 388 1 90 280 15 73 280 81 57 156 90 67 55 92 98 
56 79 6 340 85 7 307 74 1 307 29 5 180 16 6 340 16 13 168 22 19 180 25 19 168 41 27 56 51 25 
57 36 40 105 27 36 163 32 25 105 72 31 163 65 41 57 47 28 
58 7 59 203 8 54 203 15 45 311 18 44 311 23 49 58 8 48 
59 56 69 370 77 74 205 39 85 370 45 94 106 67 94 205 76 46 319 80 49 106 78 33 319 70 27 59 42 27 
60 86 31 330 42 2 379 70 45 330 88 89 379 89 63 60 98 53 
61 93 59 348 88 59 329 73 56 348 56 63 257 54 81 329 13 90 257 13 77 61 17 69 
62 52 48 197 6 58 269 13 73 197 62 47 214 53 58 214 82 54 269 99 36 62 91 54 
63 11 10 262 14 4 273 18 2 262 61 9 332 47 1 273 50 5 206 35 8 206 42 76 244 34 77 332 33 50 244 20 49 63 31 42 
64 12 76 118 1 81 239 13 69 118 56 37 328 45 36 239 96 42 328 98 34 64 91 35 
65 7 63 281 1 63 109 6 77 281 7 78 297 10 86 109 56 91 297 41 74 65 34 73 
66 18 93 158 43 99 199 50 95 158 73 75 393 93 89 199 76 36 393 35 51 66 51 73 
67 28 95 178 23 97 140 20 94 178 13 4 131 11 1 140 13 28 131 7 26 67 6 30 
68 63 92 100 94 94 133 92 85 133 82 65 264 76 28 264 53 23 100 27 9 68 17 4 
69 46 19 353 38 18 126 18 15 126 78 58 353 80 50 69 89 15 
70 45 61 187 27 41 372 46 67 187 72 66 301 66 56 372 96 58 302 83 45 301 71 97 302 58 91 70 70 83 
71 71 3 204 59 8 343 45 24 204 42 75 343 33 82 71 31 96 
72 1 58 243 1 88 263 1 89 243 2 93 361 0 76 263 40 84 361 66 92 72 85 99 
73 29 75 313 15 95 162 33 86 162 39 54 189 36 13 313 87 5 189 63 44 73 43 43 
74 27 19 305 26 45 368 5 42 305 11 16 368 16 14 294 1 26 165 3 3 165 91 7 294 79 14 74 43 10 
75 86 10 270 97 20 354 92 22 354 79 51 174 77 69 174 89 92 237 88 94 270 65 97 384 66 82 237 62 57 384 72 46 75 62 26 
76 28 38 291 13 1 323 12 7 291 9 21 235 28 22 323 59 62 235 49 64 76 49 66 
77 84 90 192 93 81 290 75 97 192 2 97 234 10 96 290 35 86 234 57 81 77 49 97 
78 75 56 128 71 29 154 62 29 154 44 47 128 42 49 78 34 35 
79 16 98 394 14 97 200 53 94 394 76 94 104 90 82 200 74 78 137 77 75 137 69 68 195 53 65 104 56 10 195 45 3 79 45 1 
80 55 94 221 74 99 221 67 82 80 97 85 
81 19 71 399 16 79 397 26 69 399 41 45 170 10 50 397 49 48 398 57 68 170 47 23 398 24 13 81 40 23 
82 52 0 284 51 3 375 49 6 284 66 78 230 46 67 230 7 74 375 5 93 82 29 80 
83 48 83 143 47 94 138 33 86 143 30 37 138 33 3 83 40 6 
84 61 2 256 54 6 147 40 6 256 35 3 380 3 1 147 12 76 380 60 74 84 33 84 
85 54 75 107 68 89 296 54 67 107 49 44 216 59 40 296 77 23 216 98 14 85 95 32 
86 47 28 141 37 17 184 40 13 141 49 69 383 50 69 184 57 67 172 64 74 383 52 46 172 24 9 86 49 8 
87 74 1 381 61 4 300 89 12 381 72 41 185 36 46 300 16 79 363 25 74 363 44 63 185 57 61 87 63 62 
88 7 44 268 11 42 259 16 43 259 17 75 268 38 77 250 65 73 209 63 68 209 49 66 288 75 51 250 7 65 288 0 80 88 11 95 
89 60 57 182 7 55 357 11 54 357 94 70 182 94 46 89 23 38 
90 8 35 351 6 46 213 35 28 351 12 11 350 6 9 350 3 79 213 4 84 90 0 92 
91 84 15 293 75 9 123 75 64 123 50 66 293 42 72 278 86 75 326 92 64 326 99 58 246 97 58 246 89 28 278 77 7 91 52 2 
92 41 46 396 45 44 240 43 19 396 73 21 240 71 14 176 61 14 390 44 13 176 38 93 390 37 72 92 36 68 
93 71 26 283 94 29 295 42 27 283 18 19 352 19 35 295 67 61 352 74 57 93 76 57 
94 41 86 198 79 79 102 76 72 198 97 20 339 72 24 102 65 31 376 40 39 376 17 75 339 2 74 94 13 83 
95 17 14 333 9 22 191 8 23 333 34 43 309 38 32 309 35 96 191 28 99 95 35 96 
96 80 30 217 86 22 225 94 54 217 54 97 308 77 50 225 49 32 308 48 23 96 42 4 
97 43 50 164 18 21 135 41 28 164 75 53 150 69 39 135 91 62 150 89 85 97 77 90 
98 84 48 157 86 42 157 88 36 98 95 27 
99 57 46 242 58 21 391 58 11 242 52 40 391 39 58 99 40 49 
